{"C:\\Java\\JSJestPlaywright\\jsaqa-code\\7.3\\jest\\app.js": {"path":"C:\\Java\\JSJestPlaywright\\jsaqa-code\\7.3\\jest\\app.js","statementMap":{"0":{"start":{"line":2,"column":2},"end":{"line":9,"column":5}},"1":{"start":{"line":3,"column":16},"end":{"line":3,"column":31}},"2":{"start":{"line":4,"column":14},"end":{"line":4,"column":29}},"3":{"start":{"line":5,"column":4},"end":{"line":6,"column":16}},"4":{"start":{"line":6,"column":6},"end":{"line":6,"column":16}},"5":{"start":{"line":7,"column":4},"end":{"line":7,"column":32}},"6":{"start":{"line":7,"column":23},"end":{"line":7,"column":32}},"7":{"start":{"line":8,"column":4},"end":{"line":8,"column":13}},"8":{"start":{"line":10,"column":2},"end":{"line":10,"column":20}},"9":{"start":{"line":13,"column":0},"end":{"line":13,"column":32}}},"fnMap":{"0":{"name":"sortByName","decl":{"start":{"line":1,"column":9},"end":{"line":1,"column":19}},"loc":{"start":{"line":1,"column":32},"end":{"line":11,"column":1}},"line":1},"1":{"name":"(anonymous_1)","decl":{"start":{"line":2,"column":18},"end":{"line":2,"column":19}},"loc":{"start":{"line":2,"column":34},"end":{"line":9,"column":3}},"line":2}},"branchMap":{"0":{"loc":{"start":{"line":5,"column":4},"end":{"line":6,"column":16}},"type":"if","locations":[{"start":{"line":5,"column":4},"end":{"line":6,"column":16}},{"start":{},"end":{}}],"line":5},"1":{"loc":{"start":{"line":7,"column":4},"end":{"line":7,"column":32}},"type":"if","locations":[{"start":{"line":7,"column":4},"end":{"line":7,"column":32}},{"start":{},"end":{}}],"line":7}},"s":{"0":2,"1":5,"2":5,"3":5,"4":2,"5":3,"6":2,"7":1,"8":2,"9":1},"f":{"0":2,"1":5},"b":{"0":[2,3],"1":[2,1]},"_coverageSchema":"1a1c01bbd47fc00a2c39e90264f33305004495a9","hash":"b0f2827c0213d2238a95701b81be68ceec1f4b47"}
,"C:\\Java\\JSJestPlaywright\\jsaqa-code\\7.3\\jest\\jest.config.js": {"path":"C:\\Java\\JSJestPlaywright\\jsaqa-code\\7.3\\jest\\jest.config.js","statementMap":{"0":{"start":{"line":2,"column":15},"end":{"line":10,"column":3}},"1":{"start":{"line":12,"column":2},"end":{"line":12,"column":26}}},"fnMap":{},"branchMap":{},"s":{"0":0,"1":0},"f":{},"b":{}}
}
